info: Microsoft.Hosting.Lifetime[14]
      Now listening on: http://0.0.0.0:5080
info: Microsoft.Hosting.Lifetime[0]
      Application started. Press Ctrl+C to shut down.
info: Microsoft.Hosting.Lifetime[0]
      Hosting environment: Development
info: Microsoft.Hosting.Lifetime[0]
      Content root path: D:\vinh-khanh-food\apps\backend-api
info: Microsoft.AspNetCore.Hosting.Diagnostics[1]
      Request starting HTTP/1.1 GET http://127.0.0.1:5080/api/v1/bootstrap?languageCode=ko - - -
info: Microsoft.AspNetCore.Hosting.Diagnostics[1]
      Request starting HTTP/1.1 GET http://127.0.0.1:5080/api/v1/pois/oc-oanh-1/narration?languageCode=en - - -
info: Microsoft.AspNetCore.Hosting.Diagnostics[1]
      Request starting HTTP/1.1 GET http://127.0.0.1:5080/api/v1/pois/oc-oanh-1/narration?languageCode=ko - - -
info: Microsoft.AspNetCore.Hosting.Diagnostics[1]
      Request starting HTTP/1.1 GET http://127.0.0.1:5080/api/v1/bootstrap?languageCode=en - - -
info: Microsoft.AspNetCore.Routing.EndpointMiddleware[0]
      Executing endpoint 'VinhKhanh.BackendApi.Controllers.BootstrapController.GetBootstrap (VinhKhanh.BackendApi)'
info: Microsoft.AspNetCore.Routing.EndpointMiddleware[0]
      Executing endpoint 'VinhKhanh.BackendApi.Controllers.BootstrapController.GetBootstrap (VinhKhanh.BackendApi)'
info: Microsoft.AspNetCore.Routing.EndpointMiddleware[0]
      Executing endpoint 'VinhKhanh.BackendApi.Controllers.PoisController.GetPoiNarration (VinhKhanh.BackendApi)'
info: Microsoft.AspNetCore.Routing.EndpointMiddleware[0]
      Executing endpoint 'VinhKhanh.BackendApi.Controllers.PoisController.GetPoiNarration (VinhKhanh.BackendApi)'
info: Microsoft.AspNetCore.Mvc.Infrastructure.ControllerActionInvoker[102]
      Route matched with {action = "GetPoiNarration", controller = "Pois"}. Executing controller action with signature System.Threading.Tasks.Task`1[Microsoft.AspNetCore.Mvc.ActionResult`1[VinhKhanh.BackendApi.Contracts.ApiResponse`1[VinhKhanh.BackendApi.Contracts.PoiNarrationResponse]]] GetPoiNarration(System.String, System.String, System.String, System.Threading.CancellationToken) on controller VinhKhanh.BackendApi.Controllers.PoisController (VinhKhanh.BackendApi).
info: Microsoft.AspNetCore.Mvc.Infrastructure.ControllerActionInvoker[102]
      Route matched with {action = "GetBootstrap", controller = "Bootstrap"}. Executing controller action with signature System.Threading.Tasks.Task`1[Microsoft.AspNetCore.Mvc.ActionResult`1[VinhKhanh.BackendApi.Contracts.ApiResponse`1[VinhKhanh.BackendApi.Contracts.AdminBootstrapResponse]]] GetBootstrap(System.String, System.String, System.Threading.CancellationToken) on controller VinhKhanh.BackendApi.Controllers.BootstrapController (VinhKhanh.BackendApi).
info: Microsoft.AspNetCore.Mvc.Infrastructure.ControllerActionInvoker[102]
      Route matched with {action = "GetPoiNarration", controller = "Pois"}. Executing controller action with signature System.Threading.Tasks.Task`1[Microsoft.AspNetCore.Mvc.ActionResult`1[VinhKhanh.BackendApi.Contracts.ApiResponse`1[VinhKhanh.BackendApi.Contracts.PoiNarrationResponse]]] GetPoiNarration(System.String, System.String, System.String, System.Threading.CancellationToken) on controller VinhKhanh.BackendApi.Controllers.PoisController (VinhKhanh.BackendApi).
info: Microsoft.AspNetCore.Mvc.Infrastructure.ControllerActionInvoker[102]
      Route matched with {action = "GetBootstrap", controller = "Bootstrap"}. Executing controller action with signature System.Threading.Tasks.Task`1[Microsoft.AspNetCore.Mvc.ActionResult`1[VinhKhanh.BackendApi.Contracts.ApiResponse`1[VinhKhanh.BackendApi.Contracts.AdminBootstrapResponse]]] GetBootstrap(System.String, System.String, System.Threading.CancellationToken) on controller VinhKhanh.BackendApi.Controllers.BootstrapController (VinhKhanh.BackendApi).
info: VinhKhanh.BackendApi.Infrastructure.AdminDataRepository[0]
      Automatic advanced database schema updates are disabled. Backend applied the required runtime compatibility schema only.
info: System.Net.Http.HttpClient.TranslationProxyService.LogicalHandler[100]
      Start processing HTTP request GET https://translate.googleapis.com/translate_a/single?*
info: System.Net.Http.HttpClient.TranslationProxyService.LogicalHandler[100]
      Start processing HTTP request GET https://translate.googleapis.com/translate_a/single?*
info: System.Net.Http.HttpClient.TranslationProxyService.ClientHandler[100]
      Sending HTTP request GET https://translate.googleapis.com/translate_a/single?*
info: System.Net.Http.HttpClient.TranslationProxyService.ClientHandler[100]
      Sending HTTP request GET https://translate.googleapis.com/translate_a/single?*
info: System.Net.Http.HttpClient.TranslationProxyService.LogicalHandler[100]
      Start processing HTTP request GET https://translate.googleapis.com/translate_a/single?*
info: System.Net.Http.HttpClient.TranslationProxyService.LogicalHandler[100]
      Start processing HTTP request GET https://translate.googleapis.com/translate_a/single?*
info: System.Net.Http.HttpClient.TranslationProxyService.ClientHandler[100]
      Sending HTTP request GET https://translate.googleapis.com/translate_a/single?*
info: System.Net.Http.HttpClient.TranslationProxyService.ClientHandler[100]
      Sending HTTP request GET https://translate.googleapis.com/translate_a/single?*
info: System.Net.Http.HttpClient.TranslationProxyService.ClientHandler[101]
      Received HTTP response headers after 413.1016ms - 200
info: System.Net.Http.HttpClient.TranslationProxyService.ClientHandler[101]
      Received HTTP response headers after 369.0713ms - 200
info: System.Net.Http.HttpClient.TranslationProxyService.ClientHandler[101]
      Received HTTP response headers after 398.4242ms - 200
info: System.Net.Http.HttpClient.TranslationProxyService.ClientHandler[101]
      Received HTTP response headers after 365.5886ms - 200
info: System.Net.Http.HttpClient.TranslationProxyService.LogicalHandler[101]
      End processing HTTP request after 421.9966ms - 200
info: System.Net.Http.HttpClient.TranslationProxyService.LogicalHandler[101]
      End processing HTTP request after 422.0993ms - 200
info: System.Net.Http.HttpClient.TranslationProxyService.LogicalHandler[101]
      End processing HTTP request after 383.8227ms - 200
info: System.Net.Http.HttpClient.TranslationProxyService.LogicalHandler[101]
      End processing HTTP request after 383.8944ms - 200
info: System.Net.Http.HttpClient.TranslationProxyService.LogicalHandler[100]
      Start processing HTTP request GET https://translate.googleapis.com/translate_a/single?*
info: System.Net.Http.HttpClient.TranslationProxyService.ClientHandler[100]
      Sending HTTP request GET https://translate.googleapis.com/translate_a/single?*
info: System.Net.Http.HttpClient.TranslationProxyService.LogicalHandler[100]
      Start processing HTTP request GET https://translate.googleapis.com/translate_a/single?*
info: System.Net.Http.HttpClient.TranslationProxyService.ClientHandler[100]
      Sending HTTP request GET https://translate.googleapis.com/translate_a/single?*
info: System.Net.Http.HttpClient.TranslationProxyService.LogicalHandler[100]
      Start processing HTTP request GET https://translate.googleapis.com/translate_a/single?*
info: System.Net.Http.HttpClient.TranslationProxyService.LogicalHandler[100]
      Start processing HTTP request GET https://translate.googleapis.com/translate_a/single?*
info: System.Net.Http.HttpClient.TranslationProxyService.ClientHandler[100]
      Sending HTTP request GET https://translate.googleapis.com/translate_a/single?*
info: System.Net.Http.HttpClient.TranslationProxyService.ClientHandler[100]
      Sending HTTP request GET https://translate.googleapis.com/translate_a/single?*
info: System.Net.Http.HttpClient.TranslationProxyService.ClientHandler[101]
      Received HTTP response headers after 162.9118ms - 200
info: System.Net.Http.HttpClient.TranslationProxyService.LogicalHandler[101]
      End processing HTTP request after 163.2568ms - 200
info: System.Net.Http.HttpClient.TranslationProxyService.LogicalHandler[100]
      Start processing HTTP request GET https://translate.googleapis.com/translate_a/single?*
info: System.Net.Http.HttpClient.TranslationProxyService.ClientHandler[100]
      Sending HTTP request GET https://translate.googleapis.com/translate_a/single?*
info: System.Net.Http.HttpClient.TranslationProxyService.ClientHandler[101]
      Received HTTP response headers after 177.5311ms - 200
info: System.Net.Http.HttpClient.TranslationProxyService.LogicalHandler[101]
      End processing HTTP request after 178.1098ms - 200
info: System.Net.Http.HttpClient.TranslationProxyService.LogicalHandler[100]
      Start processing HTTP request GET https://translate.googleapis.com/translate_a/single?*
info: System.Net.Http.HttpClient.TranslationProxyService.ClientHandler[100]
      Sending HTTP request GET https://translate.googleapis.com/translate_a/single?*
info: System.Net.Http.HttpClient.TranslationProxyService.ClientHandler[101]
      Received HTTP response headers after 195.8438ms - 200
info: System.Net.Http.HttpClient.TranslationProxyService.LogicalHandler[101]
      End processing HTTP request after 196.3078ms - 200
info: System.Net.Http.HttpClient.TranslationProxyService.ClientHandler[101]
      Received HTTP response headers after 212.3128ms - 200
info: System.Net.Http.HttpClient.TranslationProxyService.LogicalHandler[101]
      End processing HTTP request after 212.9129ms - 200
info: Microsoft.AspNetCore.Mvc.Infrastructure.ObjectResultExecutor[1]
      Executing OkObjectResult, writing value of type 'VinhKhanh.BackendApi.Contracts.ApiResponse`1[[VinhKhanh.BackendApi.Contracts.PoiNarrationResponse, VinhKhanh.BackendApi, Version=1.0.0.0, Culture=neutral, PublicKeyToken=null]]'.
info: Microsoft.AspNetCore.Mvc.Infrastructure.ObjectResultExecutor[1]
      Executing OkObjectResult, writing value of type 'VinhKhanh.BackendApi.Contracts.ApiResponse`1[[VinhKhanh.BackendApi.Contracts.PoiNarrationResponse, VinhKhanh.BackendApi, Version=1.0.0.0, Culture=neutral, PublicKeyToken=null]]'.
info: System.Net.Http.HttpClient.TranslationProxyService.ClientHandler[101]
      Received HTTP response headers after 98.3006ms - 200
info: System.Net.Http.HttpClient.TranslationProxyService.LogicalHandler[101]
      End processing HTTP request after 98.419ms - 200
info: System.Net.Http.HttpClient.TranslationProxyService.LogicalHandler[100]
      Start processing HTTP request GET https://translate.googleapis.com/translate_a/single?*
info: System.Net.Http.HttpClient.TranslationProxyService.ClientHandler[100]
      Sending HTTP request GET https://translate.googleapis.com/translate_a/single?*
info: Microsoft.AspNetCore.Mvc.Infrastructure.ControllerActionInvoker[105]
      Executed action VinhKhanh.BackendApi.Controllers.PoisController.GetPoiNarration (VinhKhanh.BackendApi) in 3093.9847ms
info: Microsoft.AspNetCore.Mvc.Infrastructure.ControllerActionInvoker[105]
      Executed action VinhKhanh.BackendApi.Controllers.PoisController.GetPoiNarration (VinhKhanh.BackendApi) in 3093.9726ms
info: Microsoft.AspNetCore.Routing.EndpointMiddleware[1]
      Executed endpoint 'VinhKhanh.BackendApi.Controllers.PoisController.GetPoiNarration (VinhKhanh.BackendApi)'
info: Microsoft.AspNetCore.Routing.EndpointMiddleware[1]
      Executed endpoint 'VinhKhanh.BackendApi.Controllers.PoisController.GetPoiNarration (VinhKhanh.BackendApi)'
info: VinhKhanh.BackendApi[0]
      API GET /api/v1/pois/oc-oanh-1/narration responded 200 in 3197.7 ms
info: VinhKhanh.BackendApi[0]
      API GET /api/v1/pois/oc-oanh-1/narration responded 200 in 3197.7 ms
info: Microsoft.AspNetCore.Hosting.Diagnostics[2]
      Request finished HTTP/1.1 GET http://127.0.0.1:5080/api/v1/pois/oc-oanh-1/narration?languageCode=ko - 200 - application/json;+charset=utf-8 3244.8925ms
info: Microsoft.AspNetCore.Hosting.Diagnostics[2]
      Request finished HTTP/1.1 GET http://127.0.0.1:5080/api/v1/pois/oc-oanh-1/narration?languageCode=en - 200 - application/json;+charset=utf-8 3244.8796ms
info: System.Net.Http.HttpClient.TranslationProxyService.ClientHandler[101]
      Received HTTP response headers after 160.2317ms - 200
info: System.Net.Http.HttpClient.TranslationProxyService.LogicalHandler[101]
      End processing HTTP request after 160.3992ms - 200
info: System.Net.Http.HttpClient.TranslationProxyService.LogicalHandler[100]
      Start processing HTTP request GET https://translate.googleapis.com/translate_a/single?*
info: System.Net.Http.HttpClient.TranslationProxyService.ClientHandler[100]
      Sending HTTP request GET https://translate.googleapis.com/translate_a/single?*
info: System.Net.Http.HttpClient.TranslationProxyService.ClientHandler[101]
      Received HTTP response headers after 98.4686ms - 200
info: System.Net.Http.HttpClient.TranslationProxyService.LogicalHandler[101]
      End processing HTTP request after 98.6082ms - 200
info: System.Net.Http.HttpClient.TranslationProxyService.LogicalHandler[100]
      Start processing HTTP request GET https://translate.googleapis.com/translate_a/single?*
info: System.Net.Http.HttpClient.TranslationProxyService.ClientHandler[100]
      Sending HTTP request GET https://translate.googleapis.com/translate_a/single?*
info: System.Net.Http.HttpClient.TranslationProxyService.ClientHandler[101]
      Received HTTP response headers after 105.2519ms - 200
info: System.Net.Http.HttpClient.TranslationProxyService.LogicalHandler[101]
      End processing HTTP request after 105.3507ms - 200
info: System.Net.Http.HttpClient.TranslationProxyService.LogicalHandler[100]
      Start processing HTTP request GET https://translate.googleapis.com/translate_a/single?*
info: System.Net.Http.HttpClient.TranslationProxyService.ClientHandler[100]
      Sending HTTP request GET https://translate.googleapis.com/translate_a/single?*
info: System.Net.Http.HttpClient.TranslationProxyService.ClientHandler[101]
      Received HTTP response headers after 1100.138ms - 200
info: System.Net.Http.HttpClient.TranslationProxyService.LogicalHandler[101]
      End processing HTTP request after 1100.3865ms - 200
info: System.Net.Http.HttpClient.TranslationProxyService.ClientHandler[101]
      Received HTTP response headers after 1050.9996ms - 200
info: System.Net.Http.HttpClient.TranslationProxyService.LogicalHandler[101]
      End processing HTTP request after 1051.2627ms - 200
info: System.Net.Http.HttpClient.TranslationProxyService.LogicalHandler[100]
      Start processing HTTP request GET https://translate.googleapis.com/translate_a/single?*
info: System.Net.Http.HttpClient.TranslationProxyService.ClientHandler[100]
      Sending HTTP request GET https://translate.googleapis.com/translate_a/single?*
info: System.Net.Http.HttpClient.TranslationProxyService.LogicalHandler[100]
      Start processing HTTP request GET https://translate.googleapis.com/translate_a/single?*
info: System.Net.Http.HttpClient.TranslationProxyService.ClientHandler[100]
      Sending HTTP request GET https://translate.googleapis.com/translate_a/single?*
info: System.Net.Http.HttpClient.TranslationProxyService.ClientHandler[101]
      Received HTTP response headers after 91.9955ms - 200
info: System.Net.Http.HttpClient.TranslationProxyService.LogicalHandler[101]
      End processing HTTP request after 92.2222ms - 200
info: System.Net.Http.HttpClient.TranslationProxyService.LogicalHandler[100]
      Start processing HTTP request GET https://translate.googleapis.com/translate_a/single?*
info: System.Net.Http.HttpClient.TranslationProxyService.ClientHandler[100]
      Sending HTTP request GET https://translate.googleapis.com/translate_a/single?*
info: System.Net.Http.HttpClient.TranslationProxyService.ClientHandler[101]
      Received HTTP response headers after 95.8967ms - 200
info: System.Net.Http.HttpClient.TranslationProxyService.LogicalHandler[101]
      End processing HTTP request after 96.0628ms - 200
info: System.Net.Http.HttpClient.TranslationProxyService.LogicalHandler[100]
      Start processing HTTP request GET https://translate.googleapis.com/translate_a/single?*
info: System.Net.Http.HttpClient.TranslationProxyService.ClientHandler[100]
      Sending HTTP request GET https://translate.googleapis.com/translate_a/single?*
info: System.Net.Http.HttpClient.TranslationProxyService.ClientHandler[101]
      Received HTTP response headers after 100.5184ms - 200
info: System.Net.Http.HttpClient.TranslationProxyService.LogicalHandler[101]
      End processing HTTP request after 100.7293ms - 200
info: System.Net.Http.HttpClient.TranslationProxyService.LogicalHandler[100]
      Start processing HTTP request GET https://translate.googleapis.com/translate_a/single?*
info: System.Net.Http.HttpClient.TranslationProxyService.ClientHandler[100]
      Sending HTTP request GET https://translate.googleapis.com/translate_a/single?*
info: System.Net.Http.HttpClient.TranslationProxyService.ClientHandler[101]
      Received HTTP response headers after 160.1283ms - 200
info: System.Net.Http.HttpClient.TranslationProxyService.LogicalHandler[101]
      End processing HTTP request after 160.2635ms - 200
info: System.Net.Http.HttpClient.TranslationProxyService.LogicalHandler[100]
      Start processing HTTP request GET https://translate.googleapis.com/translate_a/single?*
info: System.Net.Http.HttpClient.TranslationProxyService.ClientHandler[100]
      Sending HTTP request GET https://translate.googleapis.com/translate_a/single?*
info: System.Net.Http.HttpClient.TranslationProxyService.ClientHandler[101]
      Received HTTP response headers after 90.9994ms - 200
info: System.Net.Http.HttpClient.TranslationProxyService.LogicalHandler[101]
      End processing HTTP request after 91.1601ms - 200
info: System.Net.Http.HttpClient.TranslationProxyService.LogicalHandler[100]
      Start processing HTTP request GET https://translate.googleapis.com/translate_a/single?*
info: System.Net.Http.HttpClient.TranslationProxyService.ClientHandler[100]
      Sending HTTP request GET https://translate.googleapis.com/translate_a/single?*
info: System.Net.Http.HttpClient.TranslationProxyService.ClientHandler[101]
      Received HTTP response headers after 102.2887ms - 200
info: System.Net.Http.HttpClient.TranslationProxyService.LogicalHandler[101]
      End processing HTTP request after 102.4136ms - 200
info: System.Net.Http.HttpClient.TranslationProxyService.LogicalHandler[100]
      Start processing HTTP request GET https://translate.googleapis.com/translate_a/single?*
info: System.Net.Http.HttpClient.TranslationProxyService.ClientHandler[100]
      Sending HTTP request GET https://translate.googleapis.com/translate_a/single?*
info: System.Net.Http.HttpClient.TranslationProxyService.ClientHandler[101]
      Received HTTP response headers after 118.9937ms - 200
info: System.Net.Http.HttpClient.TranslationProxyService.LogicalHandler[101]
      End processing HTTP request after 119.1712ms - 200
info: System.Net.Http.HttpClient.TranslationProxyService.LogicalHandler[100]
      Start processing HTTP request GET https://translate.googleapis.com/translate_a/single?*
info: System.Net.Http.HttpClient.TranslationProxyService.ClientHandler[100]
      Sending HTTP request GET https://translate.googleapis.com/translate_a/single?*
info: System.Net.Http.HttpClient.TranslationProxyService.ClientHandler[101]
      Received HTTP response headers after 95.1827ms - 200
info: System.Net.Http.HttpClient.TranslationProxyService.LogicalHandler[101]
      End processing HTTP request after 95.367ms - 200
info: System.Net.Http.HttpClient.TranslationProxyService.LogicalHandler[100]
      Start processing HTTP request GET https://translate.googleapis.com/translate_a/single?*
info: System.Net.Http.HttpClient.TranslationProxyService.ClientHandler[100]
      Sending HTTP request GET https://translate.googleapis.com/translate_a/single?*
info: System.Net.Http.HttpClient.TranslationProxyService.ClientHandler[101]
      Received HTTP response headers after 184.5623ms - 200
info: System.Net.Http.HttpClient.TranslationProxyService.LogicalHandler[101]
      End processing HTTP request after 184.8036ms - 200
info: System.Net.Http.HttpClient.TranslationProxyService.LogicalHandler[100]
      Start processing HTTP request GET https://translate.googleapis.com/translate_a/single?*
info: System.Net.Http.HttpClient.TranslationProxyService.ClientHandler[100]
      Sending HTTP request GET https://translate.googleapis.com/translate_a/single?*
info: System.Net.Http.HttpClient.TranslationProxyService.ClientHandler[101]
      Received HTTP response headers after 94.8941ms - 200
info: System.Net.Http.HttpClient.TranslationProxyService.LogicalHandler[101]
      End processing HTTP request after 95.047ms - 200
info: System.Net.Http.HttpClient.TranslationProxyService.LogicalHandler[100]
      Start processing HTTP request GET https://translate.googleapis.com/translate_a/single?*
info: System.Net.Http.HttpClient.TranslationProxyService.ClientHandler[100]
      Sending HTTP request GET https://translate.googleapis.com/translate_a/single?*
info: System.Net.Http.HttpClient.TranslationProxyService.ClientHandler[101]
      Received HTTP response headers after 111.9216ms - 200
info: System.Net.Http.HttpClient.TranslationProxyService.LogicalHandler[101]
      End processing HTTP request after 112.0746ms - 200
info: System.Net.Http.HttpClient.TranslationProxyService.LogicalHandler[100]
      Start processing HTTP request GET https://translate.googleapis.com/translate_a/single?*
info: System.Net.Http.HttpClient.TranslationProxyService.ClientHandler[100]
      Sending HTTP request GET https://translate.googleapis.com/translate_a/single?*
info: System.Net.Http.HttpClient.TranslationProxyService.ClientHandler[101]
      Received HTTP response headers after 100.9824ms - 200
info: System.Net.Http.HttpClient.TranslationProxyService.LogicalHandler[101]
      End processing HTTP request after 101.1739ms - 200
info: System.Net.Http.HttpClient.TranslationProxyService.LogicalHandler[100]
      Start processing HTTP request GET https://translate.googleapis.com/translate_a/single?*
info: System.Net.Http.HttpClient.TranslationProxyService.ClientHandler[100]
      Sending HTTP request GET https://translate.googleapis.com/translate_a/single?*
info: System.Net.Http.HttpClient.TranslationProxyService.ClientHandler[101]
      Received HTTP response headers after 107.144ms - 200
info: System.Net.Http.HttpClient.TranslationProxyService.LogicalHandler[101]
      End processing HTTP request after 107.2365ms - 200
info: System.Net.Http.HttpClient.TranslationProxyService.LogicalHandler[100]
      Start processing HTTP request GET https://translate.googleapis.com/translate_a/single?*
info: System.Net.Http.HttpClient.TranslationProxyService.ClientHandler[100]
      Sending HTTP request GET https://translate.googleapis.com/translate_a/single?*
info: System.Net.Http.HttpClient.TranslationProxyService.ClientHandler[101]
      Received HTTP response headers after 100.7708ms - 200
info: System.Net.Http.HttpClient.TranslationProxyService.LogicalHandler[101]
      End processing HTTP request after 100.9519ms - 200
info: System.Net.Http.HttpClient.TranslationProxyService.LogicalHandler[100]
      Start processing HTTP request GET https://translate.googleapis.com/translate_a/single?*
info: System.Net.Http.HttpClient.TranslationProxyService.ClientHandler[100]
      Sending HTTP request GET https://translate.googleapis.com/translate_a/single?*
info: System.Net.Http.HttpClient.TranslationProxyService.ClientHandler[101]
      Received HTTP response headers after 99.3397ms - 200
info: System.Net.Http.HttpClient.TranslationProxyService.LogicalHandler[101]
      End processing HTTP request after 99.9603ms - 200
info: System.Net.Http.HttpClient.TranslationProxyService.LogicalHandler[100]
      Start processing HTTP request GET https://translate.googleapis.com/translate_a/single?*
info: System.Net.Http.HttpClient.TranslationProxyService.ClientHandler[100]
      Sending HTTP request GET https://translate.googleapis.com/translate_a/single?*
info: System.Net.Http.HttpClient.TranslationProxyService.ClientHandler[101]
      Received HTTP response headers after 87.0496ms - 200
info: System.Net.Http.HttpClient.TranslationProxyService.LogicalHandler[101]
      End processing HTTP request after 87.2797ms - 200
info: System.Net.Http.HttpClient.TranslationProxyService.LogicalHandler[100]
      Start processing HTTP request GET https://translate.googleapis.com/translate_a/single?*
info: System.Net.Http.HttpClient.TranslationProxyService.ClientHandler[100]
      Sending HTTP request GET https://translate.googleapis.com/translate_a/single?*
info: System.Net.Http.HttpClient.TranslationProxyService.ClientHandler[101]
      Received HTTP response headers after 101.3889ms - 200
info: System.Net.Http.HttpClient.TranslationProxyService.LogicalHandler[101]
      End processing HTTP request after 101.5534ms - 200
info: System.Net.Http.HttpClient.TranslationProxyService.LogicalHandler[100]
      Start processing HTTP request GET https://translate.googleapis.com/translate_a/single?*
info: System.Net.Http.HttpClient.TranslationProxyService.ClientHandler[100]
      Sending HTTP request GET https://translate.googleapis.com/translate_a/single?*
info: System.Net.Http.HttpClient.TranslationProxyService.ClientHandler[101]
      Received HTTP response headers after 158.698ms - 200
info: System.Net.Http.HttpClient.TranslationProxyService.LogicalHandler[101]
      End processing HTTP request after 158.8757ms - 200
info: System.Net.Http.HttpClient.TranslationProxyService.LogicalHandler[100]
      Start processing HTTP request GET https://translate.googleapis.com/translate_a/single?*
info: System.Net.Http.HttpClient.TranslationProxyService.ClientHandler[100]
      Sending HTTP request GET https://translate.googleapis.com/translate_a/single?*
info: System.Net.Http.HttpClient.TranslationProxyService.ClientHandler[101]
      Received HTTP response headers after 131.0539ms - 200
info: System.Net.Http.HttpClient.TranslationProxyService.LogicalHandler[101]
      End processing HTTP request after 131.2423ms - 200
info: System.Net.Http.HttpClient.TranslationProxyService.LogicalHandler[100]
      Start processing HTTP request GET https://translate.googleapis.com/translate_a/single?*
info: System.Net.Http.HttpClient.TranslationProxyService.ClientHandler[100]
      Sending HTTP request GET https://translate.googleapis.com/translate_a/single?*
info: System.Net.Http.HttpClient.TranslationProxyService.ClientHandler[101]
      Received HTTP response headers after 127.3838ms - 200
info: System.Net.Http.HttpClient.TranslationProxyService.LogicalHandler[101]
      End processing HTTP request after 127.5266ms - 200
info: System.Net.Http.HttpClient.TranslationProxyService.LogicalHandler[100]
      Start processing HTTP request GET https://translate.googleapis.com/translate_a/single?*
info: System.Net.Http.HttpClient.TranslationProxyService.ClientHandler[100]
      Sending HTTP request GET https://translate.googleapis.com/translate_a/single?*
info: System.Net.Http.HttpClient.TranslationProxyService.ClientHandler[101]
      Received HTTP response headers after 100.2256ms - 200
info: System.Net.Http.HttpClient.TranslationProxyService.LogicalHandler[101]
      End processing HTTP request after 100.3485ms - 200
info: System.Net.Http.HttpClient.TranslationProxyService.LogicalHandler[100]
      Start processing HTTP request GET https://translate.googleapis.com/translate_a/single?*
info: System.Net.Http.HttpClient.TranslationProxyService.ClientHandler[100]
      Sending HTTP request GET https://translate.googleapis.com/translate_a/single?*
info: System.Net.Http.HttpClient.TranslationProxyService.ClientHandler[101]
      Received HTTP response headers after 103.5388ms - 200
info: System.Net.Http.HttpClient.TranslationProxyService.LogicalHandler[101]
      End processing HTTP request after 103.7182ms - 200
info: System.Net.Http.HttpClient.TranslationProxyService.ClientHandler[101]
      Received HTTP response headers after 104.9903ms - 200
info: System.Net.Http.HttpClient.TranslationProxyService.LogicalHandler[101]
      End processing HTTP request after 105.101ms - 200
info: System.Net.Http.HttpClient.TranslationProxyService.LogicalHandler[100]
      Start processing HTTP request GET https://translate.googleapis.com/translate_a/single?*
info: System.Net.Http.HttpClient.TranslationProxyService.ClientHandler[100]
      Sending HTTP request GET https://translate.googleapis.com/translate_a/single?*
info: System.Net.Http.HttpClient.TranslationProxyService.LogicalHandler[100]
      Start processing HTTP request GET https://translate.googleapis.com/translate_a/single?*
info: System.Net.Http.HttpClient.TranslationProxyService.ClientHandler[100]
      Sending HTTP request GET https://translate.googleapis.com/translate_a/single?*
info: System.Net.Http.HttpClient.TranslationProxyService.ClientHandler[101]
      Received HTTP response headers after 100.3758ms - 200
info: System.Net.Http.HttpClient.TranslationProxyService.LogicalHandler[101]
      End processing HTTP request after 100.4818ms - 200
info: System.Net.Http.HttpClient.TranslationProxyService.ClientHandler[101]
      Received HTTP response headers after 115.3432ms - 200
info: System.Net.Http.HttpClient.TranslationProxyService.LogicalHandler[101]
      End processing HTTP request after 115.559ms - 200
info: System.Net.Http.HttpClient.TranslationProxyService.LogicalHandler[100]
      Start processing HTTP request GET https://translate.googleapis.com/translate_a/single?*
info: System.Net.Http.HttpClient.TranslationProxyService.ClientHandler[100]
      Sending HTTP request GET https://translate.googleapis.com/translate_a/single?*
info: System.Net.Http.HttpClient.TranslationProxyService.LogicalHandler[100]
      Start processing HTTP request GET https://translate.googleapis.com/translate_a/single?*
info: System.Net.Http.HttpClient.TranslationProxyService.ClientHandler[100]
      Sending HTTP request GET https://translate.googleapis.com/translate_a/single?*
info: System.Net.Http.HttpClient.TranslationProxyService.ClientHandler[101]
      Received HTTP response headers after 105.1215ms - 200
info: System.Net.Http.HttpClient.TranslationProxyService.LogicalHandler[101]
      End processing HTTP request after 105.2177ms - 200
info: System.Net.Http.HttpClient.TranslationProxyService.ClientHandler[101]
      Received HTTP response headers after 105.044ms - 200
info: System.Net.Http.HttpClient.TranslationProxyService.LogicalHandler[101]
      End processing HTTP request after 105.0951ms - 200
info: System.Net.Http.HttpClient.TranslationProxyService.LogicalHandler[100]
      Start processing HTTP request GET https://translate.googleapis.com/translate_a/single?*
info: System.Net.Http.HttpClient.TranslationProxyService.ClientHandler[100]
      Sending HTTP request GET https://translate.googleapis.com/translate_a/single?*
info: System.Net.Http.HttpClient.TranslationProxyService.LogicalHandler[100]
      Start processing HTTP request GET https://translate.googleapis.com/translate_a/single?*
info: System.Net.Http.HttpClient.TranslationProxyService.ClientHandler[100]
      Sending HTTP request GET https://translate.googleapis.com/translate_a/single?*
info: System.Net.Http.HttpClient.TranslationProxyService.ClientHandler[101]
      Received HTTP response headers after 93.6379ms - 200
info: System.Net.Http.HttpClient.TranslationProxyService.LogicalHandler[101]
      End processing HTTP request after 93.7268ms - 200
info: System.Net.Http.HttpClient.TranslationProxyService.LogicalHandler[100]
      Start processing HTTP request GET https://translate.googleapis.com/translate_a/single?*
info: System.Net.Http.HttpClient.TranslationProxyService.ClientHandler[100]
      Sending HTTP request GET https://translate.googleapis.com/translate_a/single?*
info: System.Net.Http.HttpClient.TranslationProxyService.ClientHandler[101]
      Received HTTP response headers after 105.2557ms - 200
info: System.Net.Http.HttpClient.TranslationProxyService.LogicalHandler[101]
      End processing HTTP request after 105.4189ms - 200
info: System.Net.Http.HttpClient.TranslationProxyService.LogicalHandler[100]
      Start processing HTTP request GET https://translate.googleapis.com/translate_a/single?*
info: System.Net.Http.HttpClient.TranslationProxyService.ClientHandler[100]
      Sending HTTP request GET https://translate.googleapis.com/translate_a/single?*
info: System.Net.Http.HttpClient.TranslationProxyService.ClientHandler[101]
      Received HTTP response headers after 101.2513ms - 200
info: System.Net.Http.HttpClient.TranslationProxyService.LogicalHandler[101]
      End processing HTTP request after 101.3586ms - 200
info: System.Net.Http.HttpClient.TranslationProxyService.ClientHandler[101]
      Received HTTP response headers after 104.8532ms - 200
info: System.Net.Http.HttpClient.TranslationProxyService.LogicalHandler[101]
      End processing HTTP request after 104.9868ms - 200
info: System.Net.Http.HttpClient.TranslationProxyService.LogicalHandler[100]
      Start processing HTTP request GET https://translate.googleapis.com/translate_a/single?*
info: System.Net.Http.HttpClient.TranslationProxyService.ClientHandler[100]
      Sending HTTP request GET https://translate.googleapis.com/translate_a/single?*
info: System.Net.Http.HttpClient.TranslationProxyService.LogicalHandler[100]
      Start processing HTTP request GET https://translate.googleapis.com/translate_a/single?*
info: System.Net.Http.HttpClient.TranslationProxyService.ClientHandler[100]
      Sending HTTP request GET https://translate.googleapis.com/translate_a/single?*
info: System.Net.Http.HttpClient.TranslationProxyService.ClientHandler[101]
      Received HTTP response headers after 103.6075ms - 200
info: System.Net.Http.HttpClient.TranslationProxyService.LogicalHandler[101]
      End processing HTTP request after 103.7025ms - 200
info: System.Net.Http.HttpClient.TranslationProxyService.LogicalHandler[100]
      Start processing HTTP request GET https://translate.googleapis.com/translate_a/single?*
info: System.Net.Http.HttpClient.TranslationProxyService.ClientHandler[100]
      Sending HTTP request GET https://translate.googleapis.com/translate_a/single?*
info: System.Net.Http.HttpClient.TranslationProxyService.ClientHandler[101]
      Received HTTP response headers after 98.7381ms - 200
info: System.Net.Http.HttpClient.TranslationProxyService.LogicalHandler[101]
      End processing HTTP request after 98.84ms - 200
info: System.Net.Http.HttpClient.TranslationProxyService.LogicalHandler[100]
      Start processing HTTP request GET https://translate.googleapis.com/translate_a/single?*
info: System.Net.Http.HttpClient.TranslationProxyService.ClientHandler[100]
      Sending HTTP request GET https://translate.googleapis.com/translate_a/single?*
info: System.Net.Http.HttpClient.TranslationProxyService.ClientHandler[101]
      Received HTTP response headers after 99.0809ms - 200
info: System.Net.Http.HttpClient.TranslationProxyService.LogicalHandler[101]
      End processing HTTP request after 99.174ms - 200
info: System.Net.Http.HttpClient.TranslationProxyService.LogicalHandler[100]
      Start processing HTTP request GET https://translate.googleapis.com/translate_a/single?*
info: System.Net.Http.HttpClient.TranslationProxyService.ClientHandler[100]
      Sending HTTP request GET https://translate.googleapis.com/translate_a/single?*
info: System.Net.Http.HttpClient.TranslationProxyService.ClientHandler[101]
      Received HTTP response headers after 95.8071ms - 200
info: System.Net.Http.HttpClient.TranslationProxyService.LogicalHandler[101]
      End processing HTTP request after 95.8769ms - 200
info: System.Net.Http.HttpClient.TranslationProxyService.LogicalHandler[100]
      Start processing HTTP request GET https://translate.googleapis.com/translate_a/single?*
info: System.Net.Http.HttpClient.TranslationProxyService.ClientHandler[100]
      Sending HTTP request GET https://translate.googleapis.com/translate_a/single?*
info: System.Net.Http.HttpClient.TranslationProxyService.ClientHandler[101]
      Received HTTP response headers after 97.7368ms - 200
info: System.Net.Http.HttpClient.TranslationProxyService.LogicalHandler[101]
      End processing HTTP request after 98.0377ms - 200
info: System.Net.Http.HttpClient.TranslationProxyService.LogicalHandler[100]
      Start processing HTTP request GET https://translate.googleapis.com/translate_a/single?*
info: System.Net.Http.HttpClient.TranslationProxyService.ClientHandler[100]
      Sending HTTP request GET https://translate.googleapis.com/translate_a/single?*
info: System.Net.Http.HttpClient.TranslationProxyService.ClientHandler[101]
      Received HTTP response headers after 118.3059ms - 200
info: System.Net.Http.HttpClient.TranslationProxyService.LogicalHandler[101]
      End processing HTTP request after 118.4175ms - 200
info: System.Net.Http.HttpClient.TranslationProxyService.LogicalHandler[100]
      Start processing HTTP request GET https://translate.googleapis.com/translate_a/single?*
info: System.Net.Http.HttpClient.TranslationProxyService.ClientHandler[100]
      Sending HTTP request GET https://translate.googleapis.com/translate_a/single?*
info: System.Net.Http.HttpClient.TranslationProxyService.ClientHandler[101]
      Received HTTP response headers after 106.357ms - 200
info: System.Net.Http.HttpClient.TranslationProxyService.LogicalHandler[101]
      End processing HTTP request after 106.4882ms - 200
info: System.Net.Http.HttpClient.TranslationProxyService.LogicalHandler[100]
      Start processing HTTP request GET https://translate.googleapis.com/translate_a/single?*
info: System.Net.Http.HttpClient.TranslationProxyService.ClientHandler[100]
      Sending HTTP request GET https://translate.googleapis.com/translate_a/single?*
info: System.Net.Http.HttpClient.TranslationProxyService.ClientHandler[101]
      Received HTTP response headers after 96.4033ms - 200
info: System.Net.Http.HttpClient.TranslationProxyService.LogicalHandler[101]
      End processing HTTP request after 96.4857ms - 200
info: System.Net.Http.HttpClient.TranslationProxyService.LogicalHandler[100]
      Start processing HTTP request GET https://translate.googleapis.com/translate_a/single?*
info: System.Net.Http.HttpClient.TranslationProxyService.ClientHandler[100]
      Sending HTTP request GET https://translate.googleapis.com/translate_a/single?*
info: System.Net.Http.HttpClient.TranslationProxyService.ClientHandler[101]
      Received HTTP response headers after 97.8422ms - 200
info: System.Net.Http.HttpClient.TranslationProxyService.LogicalHandler[101]
      End processing HTTP request after 97.9031ms - 200
info: System.Net.Http.HttpClient.TranslationProxyService.LogicalHandler[100]
      Start processing HTTP request GET https://translate.googleapis.com/translate_a/single?*
info: System.Net.Http.HttpClient.TranslationProxyService.ClientHandler[100]
      Sending HTTP request GET https://translate.googleapis.com/translate_a/single?*
info: System.Net.Http.HttpClient.TranslationProxyService.ClientHandler[101]
      Received HTTP response headers after 98.0025ms - 200
info: System.Net.Http.HttpClient.TranslationProxyService.LogicalHandler[101]
      End processing HTTP request after 98.0373ms - 200
info: System.Net.Http.HttpClient.TranslationProxyService.LogicalHandler[100]
      Start processing HTTP request GET https://translate.googleapis.com/translate_a/single?*
info: System.Net.Http.HttpClient.TranslationProxyService.ClientHandler[100]
      Sending HTTP request GET https://translate.googleapis.com/translate_a/single?*
info: System.Net.Http.HttpClient.TranslationProxyService.ClientHandler[101]
      Received HTTP response headers after 98.1609ms - 200
info: System.Net.Http.HttpClient.TranslationProxyService.LogicalHandler[101]
      End processing HTTP request after 98.201ms - 200
info: System.Net.Http.HttpClient.TranslationProxyService.LogicalHandler[100]
      Start processing HTTP request GET https://translate.googleapis.com/translate_a/single?*
info: System.Net.Http.HttpClient.TranslationProxyService.ClientHandler[100]
      Sending HTTP request GET https://translate.googleapis.com/translate_a/single?*
info: System.Net.Http.HttpClient.TranslationProxyService.ClientHandler[101]
      Received HTTP response headers after 99.1641ms - 200
info: System.Net.Http.HttpClient.TranslationProxyService.LogicalHandler[101]
      End processing HTTP request after 99.2164ms - 200
info: System.Net.Http.HttpClient.TranslationProxyService.LogicalHandler[100]
      Start processing HTTP request GET https://translate.googleapis.com/translate_a/single?*
info: System.Net.Http.HttpClient.TranslationProxyService.ClientHandler[100]
      Sending HTTP request GET https://translate.googleapis.com/translate_a/single?*
info: System.Net.Http.HttpClient.TranslationProxyService.ClientHandler[101]
      Received HTTP response headers after 91.0197ms - 200
info: System.Net.Http.HttpClient.TranslationProxyService.LogicalHandler[101]
      End processing HTTP request after 91.1171ms - 200
info: System.Net.Http.HttpClient.TranslationProxyService.LogicalHandler[100]
      Start processing HTTP request GET https://translate.googleapis.com/translate_a/single?*
info: System.Net.Http.HttpClient.TranslationProxyService.ClientHandler[100]
      Sending HTTP request GET https://translate.googleapis.com/translate_a/single?*
info: System.Net.Http.HttpClient.TranslationProxyService.ClientHandler[101]
      Received HTTP response headers after 102.6593ms - 200
info: System.Net.Http.HttpClient.TranslationProxyService.LogicalHandler[101]
      End processing HTTP request after 102.7365ms - 200
info: System.Net.Http.HttpClient.TranslationProxyService.LogicalHandler[100]
      Start processing HTTP request GET https://translate.googleapis.com/translate_a/single?*
info: System.Net.Http.HttpClient.TranslationProxyService.ClientHandler[100]
      Sending HTTP request GET https://translate.googleapis.com/translate_a/single?*
info: System.Net.Http.HttpClient.TranslationProxyService.ClientHandler[101]
      Received HTTP response headers after 99.3139ms - 200
info: System.Net.Http.HttpClient.TranslationProxyService.LogicalHandler[101]
      End processing HTTP request after 99.3618ms - 200
info: System.Net.Http.HttpClient.TranslationProxyService.LogicalHandler[100]
      Start processing HTTP request GET https://translate.googleapis.com/translate_a/single?*
info: System.Net.Http.HttpClient.TranslationProxyService.ClientHandler[100]
      Sending HTTP request GET https://translate.googleapis.com/translate_a/single?*
info: System.Net.Http.HttpClient.TranslationProxyService.ClientHandler[101]
      Received HTTP response headers after 103.2741ms - 200
info: System.Net.Http.HttpClient.TranslationProxyService.LogicalHandler[101]
      End processing HTTP request after 103.3314ms - 200
info: System.Net.Http.HttpClient.TranslationProxyService.LogicalHandler[100]
      Start processing HTTP request GET https://translate.googleapis.com/translate_a/single?*
info: System.Net.Http.HttpClient.TranslationProxyService.ClientHandler[100]
      Sending HTTP request GET https://translate.googleapis.com/translate_a/single?*
info: System.Net.Http.HttpClient.TranslationProxyService.ClientHandler[101]
      Received HTTP response headers after 94.2336ms - 200
info: System.Net.Http.HttpClient.TranslationProxyService.LogicalHandler[101]
      End processing HTTP request after 94.3011ms - 200
info: System.Net.Http.HttpClient.TranslationProxyService.LogicalHandler[100]
      Start processing HTTP request GET https://translate.googleapis.com/translate_a/single?*
info: System.Net.Http.HttpClient.TranslationProxyService.ClientHandler[100]
      Sending HTTP request GET https://translate.googleapis.com/translate_a/single?*
info: System.Net.Http.HttpClient.TranslationProxyService.ClientHandler[101]
      Received HTTP response headers after 101.4098ms - 200
info: System.Net.Http.HttpClient.TranslationProxyService.LogicalHandler[101]
      End processing HTTP request after 101.4552ms - 200
info: System.Net.Http.HttpClient.TranslationProxyService.LogicalHandler[100]
      Start processing HTTP request GET https://translate.googleapis.com/translate_a/single?*
info: System.Net.Http.HttpClient.TranslationProxyService.ClientHandler[100]
      Sending HTTP request GET https://translate.googleapis.com/translate_a/single?*
info: System.Net.Http.HttpClient.TranslationProxyService.ClientHandler[101]
      Received HTTP response headers after 106.4153ms - 200
info: System.Net.Http.HttpClient.TranslationProxyService.LogicalHandler[101]
      End processing HTTP request after 106.4619ms - 200
info: System.Net.Http.HttpClient.TranslationProxyService.LogicalHandler[100]
      Start processing HTTP request GET https://translate.googleapis.com/translate_a/single?*
info: System.Net.Http.HttpClient.TranslationProxyService.ClientHandler[100]
      Sending HTTP request GET https://translate.googleapis.com/translate_a/single?*
info: System.Net.Http.HttpClient.TranslationProxyService.ClientHandler[101]
      Received HTTP response headers after 128.6696ms - 200
info: System.Net.Http.HttpClient.TranslationProxyService.LogicalHandler[101]
      End processing HTTP request after 128.7737ms - 200
info: VinhKhanh.BackendApi.Infrastructure.BootstrapLocalizationService[0]
      Refreshed bootstrap localization for en. workItems=14, segments=31, translationsReturned=14
info: Microsoft.AspNetCore.Mvc.Infrastructure.ObjectResultExecutor[1]
      Executing OkObjectResult, writing value of type 'VinhKhanh.BackendApi.Contracts.ApiResponse`1[[VinhKhanh.BackendApi.Contracts.AdminBootstrapResponse, VinhKhanh.BackendApi, Version=1.0.0.0, Culture=neutral, PublicKeyToken=null]]'.
info: System.Net.Http.HttpClient.TranslationProxyService.ClientHandler[101]
      Received HTTP response headers after 119.8395ms - 200
info: System.Net.Http.HttpClient.TranslationProxyService.LogicalHandler[101]
      End processing HTTP request after 119.9209ms - 200
info: VinhKhanh.BackendApi.Infrastructure.BootstrapLocalizationService[0]
      Refreshed bootstrap localization for ko. workItems=14, segments=31, translationsReturned=14
info: Microsoft.AspNetCore.Mvc.Infrastructure.ObjectResultExecutor[1]
      Executing OkObjectResult, writing value of type 'VinhKhanh.BackendApi.Contracts.ApiResponse`1[[VinhKhanh.BackendApi.Contracts.AdminBootstrapResponse, VinhKhanh.BackendApi, Version=1.0.0.0, Culture=neutral, PublicKeyToken=null]]'.
info: Microsoft.AspNetCore.Mvc.Infrastructure.ControllerActionInvoker[105]
      Executed action VinhKhanh.BackendApi.Controllers.BootstrapController.GetBootstrap (VinhKhanh.BackendApi) in 7262.7578ms
info: Microsoft.AspNetCore.Mvc.Infrastructure.ControllerActionInvoker[105]
      Executed action VinhKhanh.BackendApi.Controllers.BootstrapController.GetBootstrap (VinhKhanh.BackendApi) in 7262.772ms
info: Microsoft.AspNetCore.Routing.EndpointMiddleware[1]
      Executed endpoint 'VinhKhanh.BackendApi.Controllers.BootstrapController.GetBootstrap (VinhKhanh.BackendApi)'
info: Microsoft.AspNetCore.Routing.EndpointMiddleware[1]
      Executed endpoint 'VinhKhanh.BackendApi.Controllers.BootstrapController.GetBootstrap (VinhKhanh.BackendApi)'
info: VinhKhanh.BackendApi[0]
      API GET /api/v1/bootstrap responded 200 in 7355.3 ms
info: VinhKhanh.BackendApi[0]
      API GET /api/v1/bootstrap responded 200 in 7355.3 ms
info: Microsoft.AspNetCore.Hosting.Diagnostics[2]
      Request finished HTTP/1.1 GET http://127.0.0.1:5080/api/v1/bootstrap?languageCode=en - 200 - application/json;+charset=utf-8 7400.1350ms
info: Microsoft.AspNetCore.Hosting.Diagnostics[2]
      Request finished HTTP/1.1 GET http://127.0.0.1:5080/api/v1/bootstrap?languageCode=ko - 200 - application/json;+charset=utf-8 7400.6502ms
