info: Microsoft.Hosting.Lifetime[14]
      Now listening on: http://127.0.0.1:5080
info: Microsoft.Hosting.Lifetime[0]
      Application started. Press Ctrl+C to shut down.
info: Microsoft.Hosting.Lifetime[0]
      Hosting environment: Production
info: Microsoft.Hosting.Lifetime[0]
      Content root path: D:\vinh-khanh-food\apps\backend-api
info: Microsoft.AspNetCore.Hosting.Diagnostics[1]
      Request starting HTTP/1.1 GET http://127.0.0.1:5080/api/v1/sync-state - - -
warn: Microsoft.AspNetCore.HttpsPolicy.HttpsRedirectionMiddleware[3]
      Failed to determine the https port for redirect.
info: Microsoft.AspNetCore.Routing.EndpointMiddleware[0]
      Executing endpoint 'VinhKhanh.BackendApi.Controllers.BootstrapController.GetSyncState (VinhKhanh.BackendApi)'
info: Microsoft.AspNetCore.Mvc.Infrastructure.ControllerActionInvoker[102]
      Route matched with {action = "GetSyncState", controller = "Bootstrap"}. Executing controller action with signature Microsoft.AspNetCore.Mvc.ActionResult`1[VinhKhanh.BackendApi.Contracts.ApiResponse`1[VinhKhanh.BackendApi.Contracts.DataSyncState]] GetSyncState() on controller VinhKhanh.BackendApi.Controllers.BootstrapController (VinhKhanh.BackendApi).
info: VinhKhanh.BackendApi.Infrastructure.AdminDataRepository[0]
      Repaired moderated POI localized asset timestamps. translationsUpdated=0, audioUpdated=4
info: VinhKhanh.BackendApi.Infrastructure.AdminDataRepository[0]
      Automatic advanced database schema updates are disabled. Backend applied the required runtime compatibility schema only.
info: Microsoft.AspNetCore.Mvc.Infrastructure.ObjectResultExecutor[1]
      Executing OkObjectResult, writing value of type 'VinhKhanh.BackendApi.Contracts.ApiResponse`1[[VinhKhanh.BackendApi.Contracts.DataSyncState, VinhKhanh.BackendApi, Version=1.0.0.0, Culture=neutral, PublicKeyToken=null]]'.
info: Microsoft.AspNetCore.Mvc.Infrastructure.ControllerActionInvoker[105]
      Executed action VinhKhanh.BackendApi.Controllers.BootstrapController.GetSyncState (VinhKhanh.BackendApi) in 1836.2062ms
info: Microsoft.AspNetCore.Routing.EndpointMiddleware[1]
      Executed endpoint 'VinhKhanh.BackendApi.Controllers.BootstrapController.GetSyncState (VinhKhanh.BackendApi)'
info: VinhKhanh.BackendApi[0]
      API GET /api/v1/sync-state responded 200 in 1872.7 ms
info: Microsoft.AspNetCore.Hosting.Diagnostics[2]
      Request finished HTTP/1.1 GET http://127.0.0.1:5080/api/v1/sync-state - 200 - application/json;+charset=utf-8 1928.4598ms
info: Microsoft.AspNetCore.Hosting.Diagnostics[1]
      Request starting HTTP/1.1 GET http://127.0.0.1:8787/api/v1/sync-state - - -
info: Microsoft.AspNetCore.Routing.EndpointMiddleware[0]
      Executing endpoint 'VinhKhanh.BackendApi.Controllers.BootstrapController.GetSyncState (VinhKhanh.BackendApi)'
info: Microsoft.AspNetCore.Mvc.Infrastructure.ControllerActionInvoker[102]
      Route matched with {action = "GetSyncState", controller = "Bootstrap"}. Executing controller action with signature Microsoft.AspNetCore.Mvc.ActionResult`1[VinhKhanh.BackendApi.Contracts.ApiResponse`1[VinhKhanh.BackendApi.Contracts.DataSyncState]] GetSyncState() on controller VinhKhanh.BackendApi.Controllers.BootstrapController (VinhKhanh.BackendApi).
info: Microsoft.AspNetCore.Mvc.Infrastructure.ObjectResultExecutor[1]
      Executing OkObjectResult, writing value of type 'VinhKhanh.BackendApi.Contracts.ApiResponse`1[[VinhKhanh.BackendApi.Contracts.DataSyncState, VinhKhanh.BackendApi, Version=1.0.0.0, Culture=neutral, PublicKeyToken=null]]'.
info: Microsoft.AspNetCore.Mvc.Infrastructure.ControllerActionInvoker[105]
      Executed action VinhKhanh.BackendApi.Controllers.BootstrapController.GetSyncState (VinhKhanh.BackendApi) in 127.4062ms
info: Microsoft.AspNetCore.Routing.EndpointMiddleware[1]
      Executed endpoint 'VinhKhanh.BackendApi.Controllers.BootstrapController.GetSyncState (VinhKhanh.BackendApi)'
info: VinhKhanh.BackendApi[0]
      API GET /api/v1/sync-state responded 200 in 129.0 ms
info: Microsoft.AspNetCore.Hosting.Diagnostics[2]
      Request finished HTTP/1.1 GET https://127.0.0.1:8787/api/v1/sync-state - 200 - application/json;+charset=utf-8 135.9977ms
info: Microsoft.AspNetCore.Hosting.Diagnostics[1]
      Request starting HTTP/1.1 GET http://127.0.0.1:8787/api/v1/bootstrap?languageCode=vi - - -
info: Microsoft.AspNetCore.Routing.EndpointMiddleware[0]
      Executing endpoint 'VinhKhanh.BackendApi.Controllers.BootstrapController.GetBootstrap (VinhKhanh.BackendApi)'
info: Microsoft.AspNetCore.Mvc.Infrastructure.ControllerActionInvoker[102]
      Route matched with {action = "GetBootstrap", controller = "Bootstrap"}. Executing controller action with signature System.Threading.Tasks.Task`1[Microsoft.AspNetCore.Mvc.ActionResult`1[VinhKhanh.BackendApi.Contracts.ApiResponse`1[VinhKhanh.BackendApi.Contracts.AdminBootstrapResponse]]] GetBootstrap(System.String, System.String, System.Threading.CancellationToken) on controller VinhKhanh.BackendApi.Controllers.BootstrapController (VinhKhanh.BackendApi).
info: VinhKhanh.BackendApi.Infrastructure.BootstrapLocalizationService[0]
      Bootstrap runtime localization completed. requestedLanguage=vi; fieldCount=50; fallbackCount=0; translationsReturned=17
info: VinhKhanh.BackendApi.Controllers.BootstrapController[0]
      [BootstrapPerf] cache=miss; scope=full; adminUserId=(null); role=(null); languageCode=vi; version=3f420345896c5830; pois=5; foodItems=7; promotions=2; audioGuides=25; elapsedMs=283.7
info: Microsoft.AspNetCore.Mvc.Infrastructure.ObjectResultExecutor[1]
      Executing OkObjectResult, writing value of type 'VinhKhanh.BackendApi.Contracts.ApiResponse`1[[VinhKhanh.BackendApi.Contracts.AdminBootstrapResponse, VinhKhanh.BackendApi, Version=1.0.0.0, Culture=neutral, PublicKeyToken=null]]'.
info: Microsoft.AspNetCore.Mvc.Infrastructure.ControllerActionInvoker[105]
      Executed action VinhKhanh.BackendApi.Controllers.BootstrapController.GetBootstrap (VinhKhanh.BackendApi) in 408.644ms
info: Microsoft.AspNetCore.Routing.EndpointMiddleware[1]
      Executed endpoint 'VinhKhanh.BackendApi.Controllers.BootstrapController.GetBootstrap (VinhKhanh.BackendApi)'
info: VinhKhanh.BackendApi[0]
      API GET /api/v1/bootstrap responded 200 in 435.5 ms
info: Microsoft.AspNetCore.Hosting.Diagnostics[2]
      Request finished HTTP/1.1 GET https://127.0.0.1:8787/api/v1/bootstrap?languageCode=vi - 200 - application/json;+charset=utf-8 437.5072ms
info: Microsoft.AspNetCore.Hosting.Diagnostics[1]
      Request starting HTTP/1.1 GET http://127.0.0.1:8787/api/v1/bootstrap?languageCode=vi - - -
info: Microsoft.AspNetCore.Routing.EndpointMiddleware[0]
      Executing endpoint 'VinhKhanh.BackendApi.Controllers.BootstrapController.GetBootstrap (VinhKhanh.BackendApi)'
info: Microsoft.AspNetCore.Mvc.Infrastructure.ControllerActionInvoker[102]
      Route matched with {action = "GetBootstrap", controller = "Bootstrap"}. Executing controller action with signature System.Threading.Tasks.Task`1[Microsoft.AspNetCore.Mvc.ActionResult`1[VinhKhanh.BackendApi.Contracts.ApiResponse`1[VinhKhanh.BackendApi.Contracts.AdminBootstrapResponse]]] GetBootstrap(System.String, System.String, System.Threading.CancellationToken) on controller VinhKhanh.BackendApi.Controllers.BootstrapController (VinhKhanh.BackendApi).
info: VinhKhanh.BackendApi.Infrastructure.BootstrapLocalizationService[0]
      Bootstrap runtime localization completed. requestedLanguage=vi; fieldCount=50; fallbackCount=0; translationsReturned=17
info: VinhKhanh.BackendApi.Controllers.BootstrapController[0]
      [BootstrapPerf] cache=miss; scope=full; adminUserId=(null); role=(null); languageCode=vi; version=3f420345896c5830; pois=5; foodItems=7; promotions=2; audioGuides=25; elapsedMs=177.0
info: Microsoft.AspNetCore.Mvc.Infrastructure.ObjectResultExecutor[1]
      Executing OkObjectResult, writing value of type 'VinhKhanh.BackendApi.Contracts.ApiResponse`1[[VinhKhanh.BackendApi.Contracts.AdminBootstrapResponse, VinhKhanh.BackendApi, Version=1.0.0.0, Culture=neutral, PublicKeyToken=null]]'.
info: Microsoft.AspNetCore.Mvc.Infrastructure.ControllerActionInvoker[105]
      Executed action VinhKhanh.BackendApi.Controllers.BootstrapController.GetBootstrap (VinhKhanh.BackendApi) in 180.2131ms
info: Microsoft.AspNetCore.Routing.EndpointMiddleware[1]
      Executed endpoint 'VinhKhanh.BackendApi.Controllers.BootstrapController.GetBootstrap (VinhKhanh.BackendApi)'
info: VinhKhanh.BackendApi[0]
      API GET /api/v1/bootstrap responded 200 in 180.6 ms
info: Microsoft.AspNetCore.Hosting.Diagnostics[2]
      Request finished HTTP/1.1 GET https://127.0.0.1:8787/api/v1/bootstrap?languageCode=vi - 200 - application/json;+charset=utf-8 181.0684ms
info: Microsoft.AspNetCore.Hosting.Diagnostics[1]
      Request starting HTTP/1.1 GET http://ecosphere-choosy-rule.ngrok-free.dev/api/v1/sync-state - - -
info: Microsoft.AspNetCore.Routing.EndpointMiddleware[0]
      Executing endpoint 'VinhKhanh.BackendApi.Controllers.BootstrapController.GetSyncState (VinhKhanh.BackendApi)'
info: Microsoft.AspNetCore.Mvc.Infrastructure.ControllerActionInvoker[102]
      Route matched with {action = "GetSyncState", controller = "Bootstrap"}. Executing controller action with signature Microsoft.AspNetCore.Mvc.ActionResult`1[VinhKhanh.BackendApi.Contracts.ApiResponse`1[VinhKhanh.BackendApi.Contracts.DataSyncState]] GetSyncState() on controller VinhKhanh.BackendApi.Controllers.BootstrapController (VinhKhanh.BackendApi).
info: Microsoft.AspNetCore.Mvc.Infrastructure.ObjectResultExecutor[1]
      Executing OkObjectResult, writing value of type 'VinhKhanh.BackendApi.Contracts.ApiResponse`1[[VinhKhanh.BackendApi.Contracts.DataSyncState, VinhKhanh.BackendApi, Version=1.0.0.0, Culture=neutral, PublicKeyToken=null]]'.
info: Microsoft.AspNetCore.Mvc.Infrastructure.ControllerActionInvoker[105]
      Executed action VinhKhanh.BackendApi.Controllers.BootstrapController.GetSyncState (VinhKhanh.BackendApi) in 196.1121ms
info: Microsoft.AspNetCore.Routing.EndpointMiddleware[1]
      Executed endpoint 'VinhKhanh.BackendApi.Controllers.BootstrapController.GetSyncState (VinhKhanh.BackendApi)'
info: VinhKhanh.BackendApi[0]
      API GET /api/v1/sync-state responded 200 in 196.6 ms
info: Microsoft.AspNetCore.Hosting.Diagnostics[2]
      Request finished HTTP/1.1 GET https://ecosphere-choosy-rule.ngrok-free.dev/api/v1/sync-state - 200 - application/json;+charset=utf-8 197.4947ms
info: Microsoft.AspNetCore.Hosting.Diagnostics[1]
      Request starting HTTP/1.1 GET http://ecosphere-choosy-rule.ngrok-free.dev/api/v1/sync-state - - -
info: Microsoft.AspNetCore.Routing.EndpointMiddleware[0]
      Executing endpoint 'VinhKhanh.BackendApi.Controllers.BootstrapController.GetSyncState (VinhKhanh.BackendApi)'
info: Microsoft.AspNetCore.Mvc.Infrastructure.ControllerActionInvoker[102]
      Route matched with {action = "GetSyncState", controller = "Bootstrap"}. Executing controller action with signature Microsoft.AspNetCore.Mvc.ActionResult`1[VinhKhanh.BackendApi.Contracts.ApiResponse`1[VinhKhanh.BackendApi.Contracts.DataSyncState]] GetSyncState() on controller VinhKhanh.BackendApi.Controllers.BootstrapController (VinhKhanh.BackendApi).
info: Microsoft.AspNetCore.Mvc.Infrastructure.ObjectResultExecutor[1]
      Executing OkObjectResult, writing value of type 'VinhKhanh.BackendApi.Contracts.ApiResponse`1[[VinhKhanh.BackendApi.Contracts.DataSyncState, VinhKhanh.BackendApi, Version=1.0.0.0, Culture=neutral, PublicKeyToken=null]]'.
info: Microsoft.AspNetCore.Mvc.Infrastructure.ControllerActionInvoker[105]
      Executed action VinhKhanh.BackendApi.Controllers.BootstrapController.GetSyncState (VinhKhanh.BackendApi) in 179.9205ms
info: Microsoft.AspNetCore.Routing.EndpointMiddleware[1]
      Executed endpoint 'VinhKhanh.BackendApi.Controllers.BootstrapController.GetSyncState (VinhKhanh.BackendApi)'
info: VinhKhanh.BackendApi[0]
      API GET /api/v1/sync-state responded 200 in 180.2 ms
info: Microsoft.AspNetCore.Hosting.Diagnostics[2]
      Request finished HTTP/1.1 GET https://ecosphere-choosy-rule.ngrok-free.dev/api/v1/sync-state - 200 - application/json;+charset=utf-8 180.5614ms
info: Microsoft.AspNetCore.Hosting.Diagnostics[1]
      Request starting HTTP/1.1 GET http://ecosphere-choosy-rule.ngrok-free.dev/api/v1/sync-state - - -
info: Microsoft.AspNetCore.Routing.EndpointMiddleware[0]
      Executing endpoint 'VinhKhanh.BackendApi.Controllers.BootstrapController.GetSyncState (VinhKhanh.BackendApi)'
info: Microsoft.AspNetCore.Mvc.Infrastructure.ControllerActionInvoker[102]
      Route matched with {action = "GetSyncState", controller = "Bootstrap"}. Executing controller action with signature Microsoft.AspNetCore.Mvc.ActionResult`1[VinhKhanh.BackendApi.Contracts.ApiResponse`1[VinhKhanh.BackendApi.Contracts.DataSyncState]] GetSyncState() on controller VinhKhanh.BackendApi.Controllers.BootstrapController (VinhKhanh.BackendApi).
info: Microsoft.AspNetCore.Mvc.Infrastructure.ObjectResultExecutor[1]
      Executing OkObjectResult, writing value of type 'VinhKhanh.BackendApi.Contracts.ApiResponse`1[[VinhKhanh.BackendApi.Contracts.DataSyncState, VinhKhanh.BackendApi, Version=1.0.0.0, Culture=neutral, PublicKeyToken=null]]'.
info: Microsoft.AspNetCore.Mvc.Infrastructure.ControllerActionInvoker[105]
      Executed action VinhKhanh.BackendApi.Controllers.BootstrapController.GetSyncState (VinhKhanh.BackendApi) in 89.5904ms
info: Microsoft.AspNetCore.Routing.EndpointMiddleware[1]
      Executed endpoint 'VinhKhanh.BackendApi.Controllers.BootstrapController.GetSyncState (VinhKhanh.BackendApi)'
info: VinhKhanh.BackendApi[0]
      API GET /api/v1/sync-state responded 200 in 89.9 ms
info: Microsoft.AspNetCore.Hosting.Diagnostics[2]
      Request finished HTTP/1.1 GET https://ecosphere-choosy-rule.ngrok-free.dev/api/v1/sync-state - 200 - application/json;+charset=utf-8 90.3561ms
info: Microsoft.AspNetCore.Hosting.Diagnostics[1]
      Request starting HTTP/1.1 GET http://ecosphere-choosy-rule.ngrok-free.dev/api/v1/sync-state - - -
info: Microsoft.AspNetCore.Routing.EndpointMiddleware[0]
      Executing endpoint 'VinhKhanh.BackendApi.Controllers.BootstrapController.GetSyncState (VinhKhanh.BackendApi)'
info: Microsoft.AspNetCore.Mvc.Infrastructure.ControllerActionInvoker[102]
      Route matched with {action = "GetSyncState", controller = "Bootstrap"}. Executing controller action with signature Microsoft.AspNetCore.Mvc.ActionResult`1[VinhKhanh.BackendApi.Contracts.ApiResponse`1[VinhKhanh.BackendApi.Contracts.DataSyncState]] GetSyncState() on controller VinhKhanh.BackendApi.Controllers.BootstrapController (VinhKhanh.BackendApi).
info: Microsoft.AspNetCore.Mvc.Infrastructure.ObjectResultExecutor[1]
      Executing OkObjectResult, writing value of type 'VinhKhanh.BackendApi.Contracts.ApiResponse`1[[VinhKhanh.BackendApi.Contracts.DataSyncState, VinhKhanh.BackendApi, Version=1.0.0.0, Culture=neutral, PublicKeyToken=null]]'.
info: Microsoft.AspNetCore.Mvc.Infrastructure.ControllerActionInvoker[105]
      Executed action VinhKhanh.BackendApi.Controllers.BootstrapController.GetSyncState (VinhKhanh.BackendApi) in 50.6281ms
info: Microsoft.AspNetCore.Routing.EndpointMiddleware[1]
      Executed endpoint 'VinhKhanh.BackendApi.Controllers.BootstrapController.GetSyncState (VinhKhanh.BackendApi)'
info: VinhKhanh.BackendApi[0]
      API GET /api/v1/sync-state responded 200 in 51.0 ms
info: Microsoft.AspNetCore.Hosting.Diagnostics[2]
      Request finished HTTP/1.1 GET https://ecosphere-choosy-rule.ngrok-free.dev/api/v1/sync-state - 200 - application/json;+charset=utf-8 51.5008ms
info: Microsoft.AspNetCore.Hosting.Diagnostics[1]
      Request starting HTTP/1.1 GET http://ecosphere-choosy-rule.ngrok-free.dev/api/v1/sync-state - - -
info: Microsoft.AspNetCore.Routing.EndpointMiddleware[0]
      Executing endpoint 'VinhKhanh.BackendApi.Controllers.BootstrapController.GetSyncState (VinhKhanh.BackendApi)'
info: Microsoft.AspNetCore.Mvc.Infrastructure.ControllerActionInvoker[102]
      Route matched with {action = "GetSyncState", controller = "Bootstrap"}. Executing controller action with signature Microsoft.AspNetCore.Mvc.ActionResult`1[VinhKhanh.BackendApi.Contracts.ApiResponse`1[VinhKhanh.BackendApi.Contracts.DataSyncState]] GetSyncState() on controller VinhKhanh.BackendApi.Controllers.BootstrapController (VinhKhanh.BackendApi).
info: Microsoft.AspNetCore.Mvc.Infrastructure.ObjectResultExecutor[1]
      Executing OkObjectResult, writing value of type 'VinhKhanh.BackendApi.Contracts.ApiResponse`1[[VinhKhanh.BackendApi.Contracts.DataSyncState, VinhKhanh.BackendApi, Version=1.0.0.0, Culture=neutral, PublicKeyToken=null]]'.
info: Microsoft.AspNetCore.Mvc.Infrastructure.ControllerActionInvoker[105]
      Executed action VinhKhanh.BackendApi.Controllers.BootstrapController.GetSyncState (VinhKhanh.BackendApi) in 58.4088ms
info: Microsoft.AspNetCore.Routing.EndpointMiddleware[1]
      Executed endpoint 'VinhKhanh.BackendApi.Controllers.BootstrapController.GetSyncState (VinhKhanh.BackendApi)'
info: VinhKhanh.BackendApi[0]
      API GET /api/v1/sync-state responded 200 in 58.7 ms
info: Microsoft.AspNetCore.Hosting.Diagnostics[2]
      Request finished HTTP/1.1 GET https://ecosphere-choosy-rule.ngrok-free.dev/api/v1/sync-state - 200 - application/json;+charset=utf-8 59.2946ms
info: Microsoft.AspNetCore.Hosting.Diagnostics[1]
      Request starting HTTP/1.1 GET http://ecosphere-choosy-rule.ngrok-free.dev/api/v1/sync-state - - -
info: Microsoft.AspNetCore.Routing.EndpointMiddleware[0]
      Executing endpoint 'VinhKhanh.BackendApi.Controllers.BootstrapController.GetSyncState (VinhKhanh.BackendApi)'
info: Microsoft.AspNetCore.Mvc.Infrastructure.ControllerActionInvoker[102]
      Route matched with {action = "GetSyncState", controller = "Bootstrap"}. Executing controller action with signature Microsoft.AspNetCore.Mvc.ActionResult`1[VinhKhanh.BackendApi.Contracts.ApiResponse`1[VinhKhanh.BackendApi.Contracts.DataSyncState]] GetSyncState() on controller VinhKhanh.BackendApi.Controllers.BootstrapController (VinhKhanh.BackendApi).
info: Microsoft.AspNetCore.Mvc.Infrastructure.ObjectResultExecutor[1]
      Executing OkObjectResult, writing value of type 'VinhKhanh.BackendApi.Contracts.ApiResponse`1[[VinhKhanh.BackendApi.Contracts.DataSyncState, VinhKhanh.BackendApi, Version=1.0.0.0, Culture=neutral, PublicKeyToken=null]]'.
info: Microsoft.AspNetCore.Mvc.Infrastructure.ControllerActionInvoker[105]
      Executed action VinhKhanh.BackendApi.Controllers.BootstrapController.GetSyncState (VinhKhanh.BackendApi) in 2.8166ms
info: Microsoft.AspNetCore.Routing.EndpointMiddleware[1]
      Executed endpoint 'VinhKhanh.BackendApi.Controllers.BootstrapController.GetSyncState (VinhKhanh.BackendApi)'
info: VinhKhanh.BackendApi[0]
      API GET /api/v1/sync-state responded 200 in 3.1 ms
info: Microsoft.AspNetCore.Hosting.Diagnostics[2]
      Request finished HTTP/1.1 GET https://ecosphere-choosy-rule.ngrok-free.dev/api/v1/sync-state - 200 - application/json;+charset=utf-8 3.4935ms
info: Microsoft.AspNetCore.Hosting.Diagnostics[1]
      Request starting HTTP/1.1 GET http://ecosphere-choosy-rule.ngrok-free.dev/api/v1/sync-state - - -
info: Microsoft.AspNetCore.Routing.EndpointMiddleware[0]
      Executing endpoint 'VinhKhanh.BackendApi.Controllers.BootstrapController.GetSyncState (VinhKhanh.BackendApi)'
info: Microsoft.AspNetCore.Mvc.Infrastructure.ControllerActionInvoker[102]
      Route matched with {action = "GetSyncState", controller = "Bootstrap"}. Executing controller action with signature Microsoft.AspNetCore.Mvc.ActionResult`1[VinhKhanh.BackendApi.Contracts.ApiResponse`1[VinhKhanh.BackendApi.Contracts.DataSyncState]] GetSyncState() on controller VinhKhanh.BackendApi.Controllers.BootstrapController (VinhKhanh.BackendApi).
info: Microsoft.AspNetCore.Mvc.Infrastructure.ObjectResultExecutor[1]
      Executing OkObjectResult, writing value of type 'VinhKhanh.BackendApi.Contracts.ApiResponse`1[[VinhKhanh.BackendApi.Contracts.DataSyncState, VinhKhanh.BackendApi, Version=1.0.0.0, Culture=neutral, PublicKeyToken=null]]'.
info: Microsoft.AspNetCore.Mvc.Infrastructure.ControllerActionInvoker[105]
      Executed action VinhKhanh.BackendApi.Controllers.BootstrapController.GetSyncState (VinhKhanh.BackendApi) in 2.904ms
info: Microsoft.AspNetCore.Routing.EndpointMiddleware[1]
      Executed endpoint 'VinhKhanh.BackendApi.Controllers.BootstrapController.GetSyncState (VinhKhanh.BackendApi)'
info: VinhKhanh.BackendApi[0]
      API GET /api/v1/sync-state responded 200 in 3.1 ms
info: Microsoft.AspNetCore.Hosting.Diagnostics[2]
      Request finished HTTP/1.1 GET https://ecosphere-choosy-rule.ngrok-free.dev/api/v1/sync-state - 200 - application/json;+charset=utf-8 3.4699ms
info: Microsoft.AspNetCore.Hosting.Diagnostics[1]
      Request starting HTTP/1.1 GET http://ecosphere-choosy-rule.ngrok-free.dev/api/v1/sync-state - - -
info: Microsoft.AspNetCore.Routing.EndpointMiddleware[0]
      Executing endpoint 'VinhKhanh.BackendApi.Controllers.BootstrapController.GetSyncState (VinhKhanh.BackendApi)'
info: Microsoft.AspNetCore.Mvc.Infrastructure.ControllerActionInvoker[102]
      Route matched with {action = "GetSyncState", controller = "Bootstrap"}. Executing controller action with signature Microsoft.AspNetCore.Mvc.ActionResult`1[VinhKhanh.BackendApi.Contracts.ApiResponse`1[VinhKhanh.BackendApi.Contracts.DataSyncState]] GetSyncState() on controller VinhKhanh.BackendApi.Controllers.BootstrapController (VinhKhanh.BackendApi).
info: Microsoft.AspNetCore.Mvc.Infrastructure.ObjectResultExecutor[1]
      Executing OkObjectResult, writing value of type 'VinhKhanh.BackendApi.Contracts.ApiResponse`1[[VinhKhanh.BackendApi.Contracts.DataSyncState, VinhKhanh.BackendApi, Version=1.0.0.0, Culture=neutral, PublicKeyToken=null]]'.
info: Microsoft.AspNetCore.Mvc.Infrastructure.ControllerActionInvoker[105]
      Executed action VinhKhanh.BackendApi.Controllers.BootstrapController.GetSyncState (VinhKhanh.BackendApi) in 2.1347ms
info: Microsoft.AspNetCore.Routing.EndpointMiddleware[1]
      Executed endpoint 'VinhKhanh.BackendApi.Controllers.BootstrapController.GetSyncState (VinhKhanh.BackendApi)'
info: VinhKhanh.BackendApi[0]
      API GET /api/v1/sync-state responded 200 in 2.4 ms
info: Microsoft.AspNetCore.Hosting.Diagnostics[2]
      Request finished HTTP/1.1 GET https://ecosphere-choosy-rule.ngrok-free.dev/api/v1/sync-state - 200 - application/json;+charset=utf-8 3.3091ms
info: Microsoft.AspNetCore.Hosting.Diagnostics[1]
      Request starting HTTP/1.1 GET http://ecosphere-choosy-rule.ngrok-free.dev/api/v1/sync-state - - -
info: Microsoft.AspNetCore.Routing.EndpointMiddleware[0]
      Executing endpoint 'VinhKhanh.BackendApi.Controllers.BootstrapController.GetSyncState (VinhKhanh.BackendApi)'
info: Microsoft.AspNetCore.Mvc.Infrastructure.ControllerActionInvoker[102]
      Route matched with {action = "GetSyncState", controller = "Bootstrap"}. Executing controller action with signature Microsoft.AspNetCore.Mvc.ActionResult`1[VinhKhanh.BackendApi.Contracts.ApiResponse`1[VinhKhanh.BackendApi.Contracts.DataSyncState]] GetSyncState() on controller VinhKhanh.BackendApi.Controllers.BootstrapController (VinhKhanh.BackendApi).
info: Microsoft.AspNetCore.Mvc.Infrastructure.ObjectResultExecutor[1]
      Executing OkObjectResult, writing value of type 'VinhKhanh.BackendApi.Contracts.ApiResponse`1[[VinhKhanh.BackendApi.Contracts.DataSyncState, VinhKhanh.BackendApi, Version=1.0.0.0, Culture=neutral, PublicKeyToken=null]]'.
info: Microsoft.AspNetCore.Mvc.Infrastructure.ControllerActionInvoker[105]
      Executed action VinhKhanh.BackendApi.Controllers.BootstrapController.GetSyncState (VinhKhanh.BackendApi) in 2.3045ms
info: Microsoft.AspNetCore.Routing.EndpointMiddleware[1]
      Executed endpoint 'VinhKhanh.BackendApi.Controllers.BootstrapController.GetSyncState (VinhKhanh.BackendApi)'
info: VinhKhanh.BackendApi[0]
      API GET /api/v1/sync-state responded 200 in 2.5 ms
info: Microsoft.AspNetCore.Hosting.Diagnostics[2]
      Request finished HTTP/1.1 GET https://ecosphere-choosy-rule.ngrok-free.dev/api/v1/sync-state - 200 - application/json;+charset=utf-8 2.7810ms
info: Microsoft.AspNetCore.Hosting.Diagnostics[1]
      Request starting HTTP/1.1 GET http://ecosphere-choosy-rule.ngrok-free.dev/api/v1/sync-state - - -
info: Microsoft.AspNetCore.Routing.EndpointMiddleware[0]
      Executing endpoint 'VinhKhanh.BackendApi.Controllers.BootstrapController.GetSyncState (VinhKhanh.BackendApi)'
info: Microsoft.AspNetCore.Mvc.Infrastructure.ControllerActionInvoker[102]
      Route matched with {action = "GetSyncState", controller = "Bootstrap"}. Executing controller action with signature Microsoft.AspNetCore.Mvc.ActionResult`1[VinhKhanh.BackendApi.Contracts.ApiResponse`1[VinhKhanh.BackendApi.Contracts.DataSyncState]] GetSyncState() on controller VinhKhanh.BackendApi.Controllers.BootstrapController (VinhKhanh.BackendApi).
info: Microsoft.AspNetCore.Mvc.Infrastructure.ObjectResultExecutor[1]
      Executing OkObjectResult, writing value of type 'VinhKhanh.BackendApi.Contracts.ApiResponse`1[[VinhKhanh.BackendApi.Contracts.DataSyncState, VinhKhanh.BackendApi, Version=1.0.0.0, Culture=neutral, PublicKeyToken=null]]'.
info: Microsoft.AspNetCore.Mvc.Infrastructure.ControllerActionInvoker[105]
      Executed action VinhKhanh.BackendApi.Controllers.BootstrapController.GetSyncState (VinhKhanh.BackendApi) in 3.1107ms
info: Microsoft.AspNetCore.Routing.EndpointMiddleware[1]
      Executed endpoint 'VinhKhanh.BackendApi.Controllers.BootstrapController.GetSyncState (VinhKhanh.BackendApi)'
info: VinhKhanh.BackendApi[0]
      API GET /api/v1/sync-state responded 200 in 3.3 ms
info: Microsoft.AspNetCore.Hosting.Diagnostics[2]
      Request finished HTTP/1.1 GET https://ecosphere-choosy-rule.ngrok-free.dev/api/v1/sync-state - 200 - application/json;+charset=utf-8 3.5835ms
info: Microsoft.AspNetCore.Hosting.Diagnostics[1]
      Request starting HTTP/1.1 GET http://ecosphere-choosy-rule.ngrok-free.dev/api/v1/sync-state - - -
info: Microsoft.AspNetCore.Routing.EndpointMiddleware[0]
      Executing endpoint 'VinhKhanh.BackendApi.Controllers.BootstrapController.GetSyncState (VinhKhanh.BackendApi)'
info: Microsoft.AspNetCore.Mvc.Infrastructure.ControllerActionInvoker[102]
      Route matched with {action = "GetSyncState", controller = "Bootstrap"}. Executing controller action with signature Microsoft.AspNetCore.Mvc.ActionResult`1[VinhKhanh.BackendApi.Contracts.ApiResponse`1[VinhKhanh.BackendApi.Contracts.DataSyncState]] GetSyncState() on controller VinhKhanh.BackendApi.Controllers.BootstrapController (VinhKhanh.BackendApi).
info: Microsoft.AspNetCore.Mvc.Infrastructure.ObjectResultExecutor[1]
      Executing OkObjectResult, writing value of type 'VinhKhanh.BackendApi.Contracts.ApiResponse`1[[VinhKhanh.BackendApi.Contracts.DataSyncState, VinhKhanh.BackendApi, Version=1.0.0.0, Culture=neutral, PublicKeyToken=null]]'.
info: Microsoft.AspNetCore.Mvc.Infrastructure.ControllerActionInvoker[105]
      Executed action VinhKhanh.BackendApi.Controllers.BootstrapController.GetSyncState (VinhKhanh.BackendApi) in 62.3111ms
info: Microsoft.AspNetCore.Routing.EndpointMiddleware[1]
      Executed endpoint 'VinhKhanh.BackendApi.Controllers.BootstrapController.GetSyncState (VinhKhanh.BackendApi)'
info: VinhKhanh.BackendApi[0]
      API GET /api/v1/sync-state responded 200 in 62.7 ms
info: Microsoft.AspNetCore.Hosting.Diagnostics[2]
      Request finished HTTP/1.1 GET https://ecosphere-choosy-rule.ngrok-free.dev/api/v1/sync-state - 200 - application/json;+charset=utf-8 63.0549ms
info: Microsoft.AspNetCore.Hosting.Diagnostics[1]
      Request starting HTTP/1.1 GET http://ecosphere-choosy-rule.ngrok-free.dev/api/v1/pois/oc-phat/detail?languageCode=vi - - -
info: Microsoft.AspNetCore.Routing.EndpointMiddleware[0]
      Executing endpoint 'VinhKhanh.BackendApi.Controllers.PoisController.GetPoiDetailById (VinhKhanh.BackendApi)'
info: Microsoft.AspNetCore.Mvc.Infrastructure.ControllerActionInvoker[102]
      Route matched with {action = "GetPoiDetailById", controller = "Pois"}. Executing controller action with signature System.Threading.Tasks.Task`1[Microsoft.AspNetCore.Mvc.ActionResult`1[VinhKhanh.BackendApi.Contracts.ApiResponse`1[VinhKhanh.BackendApi.Contracts.PoiDetailResponse]]] GetPoiDetailById(System.String, System.String, System.Threading.CancellationToken) on controller VinhKhanh.BackendApi.Controllers.PoisController (VinhKhanh.BackendApi).
info: VinhKhanh.BackendApi.Infrastructure.BootstrapLocalizationService[0]
      Bootstrap runtime localization completed. requestedLanguage=vi; fieldCount=11; fallbackCount=0; translationsReturned=4
info: VinhKhanh.BackendApi.Controllers.PoisController[0]
      [PoiDetailPerf] cache=miss; poiId=oc-phat; languageCode=vi; version=3f420345896c5830; foodItems=2; promotions=1; audioGuides=5; elapsedMs=54.4
info: Microsoft.AspNetCore.Mvc.Infrastructure.ObjectResultExecutor[1]
      Executing OkObjectResult, writing value of type 'VinhKhanh.BackendApi.Contracts.ApiResponse`1[[VinhKhanh.BackendApi.Contracts.PoiDetailResponse, VinhKhanh.BackendApi, Version=1.0.0.0, Culture=neutral, PublicKeyToken=null]]'.
info: Microsoft.AspNetCore.Mvc.Infrastructure.ControllerActionInvoker[105]
      Executed action VinhKhanh.BackendApi.Controllers.PoisController.GetPoiDetailById (VinhKhanh.BackendApi) in 80.8304ms
info: Microsoft.AspNetCore.Routing.EndpointMiddleware[1]
      Executed endpoint 'VinhKhanh.BackendApi.Controllers.PoisController.GetPoiDetailById (VinhKhanh.BackendApi)'
info: VinhKhanh.BackendApi[0]
      API GET /api/v1/pois/oc-phat/detail responded 200 in 95.5 ms
info: Microsoft.AspNetCore.Hosting.Diagnostics[2]
      Request finished HTTP/1.1 GET https://ecosphere-choosy-rule.ngrok-free.dev/api/v1/pois/oc-phat/detail?languageCode=vi - 200 - application/json;+charset=utf-8 100.7894ms
info: Microsoft.AspNetCore.Hosting.Diagnostics[1]
      Request starting HTTP/1.1 GET http://ecosphere-choosy-rule.ngrok-free.dev/api/v1/sync-state - - -
info: Microsoft.AspNetCore.Routing.EndpointMiddleware[0]
      Executing endpoint 'VinhKhanh.BackendApi.Controllers.BootstrapController.GetSyncState (VinhKhanh.BackendApi)'
info: Microsoft.AspNetCore.Mvc.Infrastructure.ControllerActionInvoker[102]
      Route matched with {action = "GetSyncState", controller = "Bootstrap"}. Executing controller action with signature Microsoft.AspNetCore.Mvc.ActionResult`1[VinhKhanh.BackendApi.Contracts.ApiResponse`1[VinhKhanh.BackendApi.Contracts.DataSyncState]] GetSyncState() on controller VinhKhanh.BackendApi.Controllers.BootstrapController (VinhKhanh.BackendApi).
info: Microsoft.AspNetCore.Mvc.Infrastructure.ObjectResultExecutor[1]
      Executing OkObjectResult, writing value of type 'VinhKhanh.BackendApi.Contracts.ApiResponse`1[[VinhKhanh.BackendApi.Contracts.DataSyncState, VinhKhanh.BackendApi, Version=1.0.0.0, Culture=neutral, PublicKeyToken=null]]'.
info: Microsoft.AspNetCore.Mvc.Infrastructure.ControllerActionInvoker[105]
      Executed action VinhKhanh.BackendApi.Controllers.BootstrapController.GetSyncState (VinhKhanh.BackendApi) in 59.7112ms
info: Microsoft.AspNetCore.Routing.EndpointMiddleware[1]
      Executed endpoint 'VinhKhanh.BackendApi.Controllers.BootstrapController.GetSyncState (VinhKhanh.BackendApi)'
info: VinhKhanh.BackendApi[0]
      API GET /api/v1/sync-state responded 200 in 60.1 ms
info: Microsoft.AspNetCore.Hosting.Diagnostics[2]
      Request finished HTTP/1.1 GET https://ecosphere-choosy-rule.ngrok-free.dev/api/v1/sync-state - 200 - application/json;+charset=utf-8 60.4346ms
info: Microsoft.AspNetCore.Hosting.Diagnostics[1]
      Request starting HTTP/1.1 GET http://ecosphere-choosy-rule.ngrok-free.dev/api/v1/sync-state - - -
info: Microsoft.AspNetCore.Routing.EndpointMiddleware[0]
      Executing endpoint 'VinhKhanh.BackendApi.Controllers.BootstrapController.GetSyncState (VinhKhanh.BackendApi)'
info: Microsoft.AspNetCore.Mvc.Infrastructure.ControllerActionInvoker[102]
      Route matched with {action = "GetSyncState", controller = "Bootstrap"}. Executing controller action with signature Microsoft.AspNetCore.Mvc.ActionResult`1[VinhKhanh.BackendApi.Contracts.ApiResponse`1[VinhKhanh.BackendApi.Contracts.DataSyncState]] GetSyncState() on controller VinhKhanh.BackendApi.Controllers.BootstrapController (VinhKhanh.BackendApi).
info: Microsoft.AspNetCore.Mvc.Infrastructure.ObjectResultExecutor[1]
      Executing OkObjectResult, writing value of type 'VinhKhanh.BackendApi.Contracts.ApiResponse`1[[VinhKhanh.BackendApi.Contracts.DataSyncState, VinhKhanh.BackendApi, Version=1.0.0.0, Culture=neutral, PublicKeyToken=null]]'.
info: Microsoft.AspNetCore.Mvc.Infrastructure.ControllerActionInvoker[105]
      Executed action VinhKhanh.BackendApi.Controllers.BootstrapController.GetSyncState (VinhKhanh.BackendApi) in 59.0732ms
info: Microsoft.AspNetCore.Routing.EndpointMiddleware[1]
      Executed endpoint 'VinhKhanh.BackendApi.Controllers.BootstrapController.GetSyncState (VinhKhanh.BackendApi)'
info: VinhKhanh.BackendApi[0]
      API GET /api/v1/sync-state responded 200 in 59.4 ms
info: Microsoft.AspNetCore.Hosting.Diagnostics[2]
      Request finished HTTP/1.1 GET https://ecosphere-choosy-rule.ngrok-free.dev/api/v1/sync-state - 200 - application/json;+charset=utf-8 59.6759ms
info: Microsoft.AspNetCore.Hosting.Diagnostics[1]
      Request starting HTTP/1.1 GET http://ecosphere-choosy-rule.ngrok-free.dev/api/v1/sync-state - - -
info: Microsoft.AspNetCore.Routing.EndpointMiddleware[0]
      Executing endpoint 'VinhKhanh.BackendApi.Controllers.BootstrapController.GetSyncState (VinhKhanh.BackendApi)'
info: Microsoft.AspNetCore.Mvc.Infrastructure.ControllerActionInvoker[102]
      Route matched with {action = "GetSyncState", controller = "Bootstrap"}. Executing controller action with signature Microsoft.AspNetCore.Mvc.ActionResult`1[VinhKhanh.BackendApi.Contracts.ApiResponse`1[VinhKhanh.BackendApi.Contracts.DataSyncState]] GetSyncState() on controller VinhKhanh.BackendApi.Controllers.BootstrapController (VinhKhanh.BackendApi).
info: Microsoft.AspNetCore.Mvc.Infrastructure.ObjectResultExecutor[1]
      Executing OkObjectResult, writing value of type 'VinhKhanh.BackendApi.Contracts.ApiResponse`1[[VinhKhanh.BackendApi.Contracts.DataSyncState, VinhKhanh.BackendApi, Version=1.0.0.0, Culture=neutral, PublicKeyToken=null]]'.
info: Microsoft.AspNetCore.Mvc.Infrastructure.ControllerActionInvoker[105]
      Executed action VinhKhanh.BackendApi.Controllers.BootstrapController.GetSyncState (VinhKhanh.BackendApi) in 72.5204ms
info: Microsoft.AspNetCore.Routing.EndpointMiddleware[1]
      Executed endpoint 'VinhKhanh.BackendApi.Controllers.BootstrapController.GetSyncState (VinhKhanh.BackendApi)'
info: VinhKhanh.BackendApi[0]
      API GET /api/v1/sync-state responded 200 in 72.9 ms
info: Microsoft.AspNetCore.Hosting.Diagnostics[2]
      Request finished HTTP/1.1 GET https://ecosphere-choosy-rule.ngrok-free.dev/api/v1/sync-state - 200 - application/json;+charset=utf-8 73.2373ms
